2026-02-19 09:59:54,596 - config.logging_config - INFO - Starting SOC Telegram Bot...
2026-02-19 09:59:54,680 - config.logging_config - INFO - Starting bot polling...
2026-02-19 09:59:55,247 - httpx - INFO - HTTP Request: POST https://api.telegram.org/bot8326937743:AAG9XKhn2p3am7aVSwzaoGtySF3q7rjxaXA/getMe "HTTP/1.1 200 OK"
2026-02-19 09:59:55,248 - telegram.ext.Application - INFO - Application started
2026-02-19 09:59:55,432 - httpx - INFO - HTTP Request: POST https://api.telegram.org/bot8326937743:AAG9XKhn2p3am7aVSwzaoGtySF3q7rjxaXA/deleteWebhook "HTTP/1.1 200 OK"
2026-02-19 10:00:05,970 - httpx - INFO - HTTP Request: POST https://api.telegram.org/bot8326937743:AAG9XKhn2p3am7aVSwzaoGtySF3q7rjxaXA/getUpdates "HTTP/1.1 200 OK"
2026-02-19 10:00:16,147 - httpx - INFO - HTTP Request: POST https://api.telegram.org/bot8326937743:AAG9XKhn2p3am7aVSwzaoGtySF3q7rjxaXA/getUpdates "HTTP/1.1 200 OK"
2026-02-19 10:00:26,326 - httpx - INFO - HTTP Request: POST https://api.telegram.org/bot8326937743:AAG9XKhn2p3am7aVSwzaoGtySF3q7rjxaXA/getUpdates "HTTP/1.1 200 OK"
2026-02-19 10:00:36,503 - httpx - INFO - HTTP Request: POST https://api.telegram.org/bot8326937743:AAG9XKhn2p3am7aVSwzaoGtySF3q7rjxaXA/getUpdates "HTTP/1.1 200 OK"
2026-02-19 10:00:46,679 - httpx - INFO - HTTP Request: POST https://api.telegram.org/bot8326937743:AAG9XKhn2p3am7aVSwzaoGtySF3q7rjxaXA/getUpdates "HTTP/1.1 200 OK"
2026-02-19 10:00:56,856 - httpx - INFO - HTTP Request: POST https://api.telegram.org/bot8326937743:AAG9XKhn2p3am7aVSwzaoGtySF3q7rjxaXA/getUpdates "HTTP/1.1 200 OK"
2026-02-19 10:01:07,032 - httpx - INFO - HTTP Request: POST https://api.telegram.org/bot8326937743:AAG9XKhn2p3am7aVSwzaoGtySF3q7rjxaXA/getUpdates "HTTP/1.1 200 OK"
2026-02-19 10:01:17,208 - httpx - INFO - HTTP Request: POST https://api.telegram.org/bot8326937743:AAG9XKhn2p3am7aVSwzaoGtySF3q7rjxaXA/getUpdates "HTTP/1.1 200 OK"
2026-02-19 10:01:27,383 - httpx - INFO - HTTP Request: POST https://api.telegram.org/bot8326937743:AAG9XKhn2p3am7aVSwzaoGtySF3q7rjxaXA/getUpdates "HTTP/1.1 200 OK"
2026-02-19 10:01:37,559 - httpx - INFO - HTTP Request: POST https://api.telegram.org/bot8326937743:AAG9XKhn2p3am7aVSwzaoGtySF3q7rjxaXA/getUpdates "HTTP/1.1 200 OK"
2026-02-19 10:01:47,735 - httpx - INFO - HTTP Request: POST https://api.telegram.org/bot8326937743:AAG9XKhn2p3am7aVSwzaoGtySF3q7rjxaXA/getUpdates "HTTP/1.1 200 OK"
2026-02-19 10:01:57,914 - httpx - INFO - HTTP Request: POST https://api.telegram.org/bot8326937743:AAG9XKhn2p3am7aVSwzaoGtySF3q7rjxaXA/getUpdates "HTTP/1.1 200 OK"
2026-02-19 10:02:08,091 - httpx - INFO - HTTP Request: POST https://api.telegram.org/bot8326937743:AAG9XKhn2p3am7aVSwzaoGtySF3q7rjxaXA/getUpdates "HTTP/1.1 200 OK"
2026-02-19 10:02:18,267 - httpx - INFO - HTTP Request: POST https://api.telegram.org/bot8326937743:AAG9XKhn2p3am7aVSwzaoGtySF3q7rjxaXA/getUpdates "HTTP/1.1 200 OK"
2026-02-19 10:02:28,443 - httpx - INFO - HTTP Request: POST https://api.telegram.org/bot8326937743:AAG9XKhn2p3am7aVSwzaoGtySF3q7rjxaXA/getUpdates "HTTP/1.1 200 OK"
2026-02-19 10:02:38,619 - httpx - INFO - HTTP Request: POST https://api.telegram.org/bot8326937743:AAG9XKhn2p3am7aVSwzaoGtySF3q7rjxaXA/getUpdates "HTTP/1.1 200 OK"
2026-02-19 10:02:48,795 - httpx - INFO - HTTP Request: POST https://api.telegram.org/bot8326937743:AAG9XKhn2p3am7aVSwzaoGtySF3q7rjxaXA/getUpdates "HTTP/1.1 200 OK"
2026-02-19 10:02:58,971 - httpx - INFO - HTTP Request: POST https://api.telegram.org/bot8326937743:AAG9XKhn2p3am7aVSwzaoGtySF3q7rjxaXA/getUpdates "HTTP/1.1 200 OK"
2026-02-19 10:03:09,148 - httpx - INFO - HTTP Request: POST https://api.telegram.org/bot8326937743:AAG9XKhn2p3am7aVSwzaoGtySF3q7rjxaXA/getUpdates "HTTP/1.1 200 OK"
2026-02-19 10:03:19,324 - httpx - INFO - HTTP Request: POST https://api.telegram.org/bot8326937743:AAG9XKhn2p3am7aVSwzaoGtySF3q7rjxaXA/getUpdates "HTTP/1.1 200 OK"
2026-02-19 10:03:29,502 - httpx - INFO - HTTP Request: POST https://api.telegram.org/bot8326937743:AAG9XKhn2p3am7aVSwzaoGtySF3q7rjxaXA/getUpdates "HTTP/1.1 200 OK"
2026-02-19 10:03:39,680 - httpx - INFO - HTTP Request: POST https://api.telegram.org/bot8326937743:AAG9XKhn2p3am7aVSwzaoGtySF3q7rjxaXA/getUpdates "HTTP/1.1 200 OK"
2026-02-19 10:03:49,857 - httpx - INFO - HTTP Request: POST https://api.telegram.org/bot8326937743:AAG9XKhn2p3am7aVSwzaoGtySF3q7rjxaXA/getUpdates "HTTP/1.1 200 OK"
2026-02-19 10:04:00,033 - httpx - INFO - HTTP Request: POST https://api.telegram.org/bot8326937743:AAG9XKhn2p3am7aVSwzaoGtySF3q7rjxaXA/getUpdates "HTTP/1.1 200 OK"
2026-02-19 10:04:10,213 - httpx - INFO - HTTP Request: POST https://api.telegram.org/bot8326937743:AAG9XKhn2p3am7aVSwzaoGtySF3q7rjxaXA/getUpdates "HTTP/1.1 200 OK"
2026-02-19 10:04:20,391 - httpx - INFO - HTTP Request: POST https://api.telegram.org/bot8326937743:AAG9XKhn2p3am7aVSwzaoGtySF3q7rjxaXA/getUpdates "HTTP/1.1 200 OK"
2026-02-19 10:04:30,568 - httpx - INFO - HTTP Request: POST https://api.telegram.org/bot8326937743:AAG9XKhn2p3am7aVSwzaoGtySF3q7rjxaXA/getUpdates "HTTP/1.1 200 OK"
2026-02-19 10:04:40,744 - httpx - INFO - HTTP Request: POST https://api.telegram.org/bot8326937743:AAG9XKhn2p3am7aVSwzaoGtySF3q7rjxaXA/getUpdates "HTTP/1.1 200 OK"
2026-02-19 10:04:50,923 - httpx - INFO - HTTP Request: POST https://api.telegram.org/bot8326937743:AAG9XKhn2p3am7aVSwzaoGtySF3q7rjxaXA/getUpdates "HTTP/1.1 200 OK"
2026-02-19 10:05:01,099 - httpx - INFO - HTTP Request: POST https://api.telegram.org/bot8326937743:AAG9XKhn2p3am7aVSwzaoGtySF3q7rjxaXA/getUpdates "HTTP/1.1 200 OK"
2026-02-19 10:05:11,279 - httpx - INFO - HTTP Request: POST https://api.telegram.org/bot8326937743:AAG9XKhn2p3am7aVSwzaoGtySF3q7rjxaXA/getUpdates "HTTP/1.1 200 OK"
2026-02-19 10:05:21,455 - httpx - INFO - HTTP Request: POST https://api.telegram.org/bot8326937743:AAG9XKhn2p3am7aVSwzaoGtySF3q7rjxaXA/getUpdates "HTTP/1.1 200 OK"
2026-02-19 10:05:31,632 - httpx - INFO - HTTP Request: POST https://api.telegram.org/bot8326937743:AAG9XKhn2p3am7aVSwzaoGtySF3q7rjxaXA/getUpdates "HTTP/1.1 200 OK"
2026-02-19 10:05:41,810 - httpx - INFO - HTTP Request: POST https://api.telegram.org/bot8326937743:AAG9XKhn2p3am7aVSwzaoGtySF3q7rjxaXA/getUpdates "HTTP/1.1 200 OK"
2026-02-19 10:05:51,985 - httpx - INFO - HTTP Request: POST https://api.telegram.org/bot8326937743:AAG9XKhn2p3am7aVSwzaoGtySF3q7rjxaXA/getUpdates "HTTP/1.1 200 OK"
2026-02-19 10:06:02,164 - httpx - INFO - HTTP Request: POST https://api.telegram.org/bot8326937743:AAG9XKhn2p3am7aVSwzaoGtySF3q7rjxaXA/getUpdates "HTTP/1.1 200 OK"
2026-02-19 10:06:12,340 - httpx - INFO - HTTP Request: POST https://api.telegram.org/bot8326937743:AAG9XKhn2p3am7aVSwzaoGtySF3q7rjxaXA/getUpdates "HTTP/1.1 200 OK"
2026-02-19 10:06:22,519 - httpx - INFO - HTTP Request: POST https://api.telegram.org/bot8326937743:AAG9XKhn2p3am7aVSwzaoGtySF3q7rjxaXA/getUpdates "HTTP/1.1 200 OK"
2026-02-19 10:06:32,696 - httpx - INFO - HTTP Request: POST https://api.telegram.org/bot8326937743:AAG9XKhn2p3am7aVSwzaoGtySF3q7rjxaXA/getUpdates "HTTP/1.1 200 OK"
2026-02-19 10:06:42,873 - httpx - INFO - HTTP Request: POST https://api.telegram.org/bot8326937743:AAG9XKhn2p3am7aVSwzaoGtySF3q7rjxaXA/getUpdates "HTTP/1.1 200 OK"
2026-02-19 10:06:52,983 - httpx - INFO - HTTP Request: POST https://api.telegram.org/bot8326937743:AAG9XKhn2p3am7aVSwzaoGtySF3q7rjxaXA/getUpdates "HTTP/1.1 200 OK"
2026-02-19 10:06:53,717 - httpx - INFO - HTTP Request: POST https://api.telegram.org/bot8326937743:AAG9XKhn2p3am7aVSwzaoGtySF3q7rjxaXA/sendMessage "HTTP/1.1 200 OK"
2026-02-19 10:06:56,069 - httpx - INFO - HTTP Request: POST https://api.telegram.org/bot8326937743:AAG9XKhn2p3am7aVSwzaoGtySF3q7rjxaXA/getUpdates "HTTP/1.1 200 OK"
2026-02-19 10:06:56,440 - httpx - INFO - HTTP Request: POST https://api.telegram.org/bot8326937743:AAG9XKhn2p3am7aVSwzaoGtySF3q7rjxaXA/sendMessage "HTTP/1.1 200 OK"
2026-02-19 10:06:56,446 - elastic_transport.transport - INFO - HEAD http://8.215.8.118:9200/ [status:200 duration:0.004s]
2026-02-19 10:06:56,841 - httpx - INFO - HTTP Request: POST https://api.telegram.org/bot8326937743:AAG9XKhn2p3am7aVSwzaoGtySF3q7rjxaXA/editMessageText "HTTP/1.1 200 OK"
2026-02-19 10:07:01,271 - httpx - INFO - HTTP Request: POST https://api.telegram.org/bot8326937743:AAG9XKhn2p3am7aVSwzaoGtySF3q7rjxaXA/getUpdates "HTTP/1.1 200 OK"
2026-02-19 10:07:01,656 - httpx - INFO - HTTP Request: POST https://api.telegram.org/bot8326937743:AAG9XKhn2p3am7aVSwzaoGtySF3q7rjxaXA/sendMessage "HTTP/1.1 200 OK"
2026-02-19 10:07:01,665 - elastic_transport.transport - INFO - POST http://8.215.8.118:9200/*filebeat-*/_search [status:200 duration:0.008s]
2026-02-19 10:07:02,031 - httpx - INFO - HTTP Request: POST https://api.telegram.org/bot8326937743:AAG9XKhn2p3am7aVSwzaoGtySF3q7rjxaXA/editMessageText "HTTP/1.1 200 OK"
2026-02-19 10:07:11,450 - httpx - INFO - HTTP Request: POST https://api.telegram.org/bot8326937743:AAG9XKhn2p3am7aVSwzaoGtySF3q7rjxaXA/getUpdates "HTTP/1.1 200 OK"
2026-02-19 10:07:21,628 - httpx - INFO - HTTP Request: POST https://api.telegram.org/bot8326937743:AAG9XKhn2p3am7aVSwzaoGtySF3q7rjxaXA/getUpdates "HTTP/1.1 200 OK"
2026-02-19 10:07:25,424 - httpx - INFO - HTTP Request: POST https://api.telegram.org/bot8326937743:AAG9XKhn2p3am7aVSwzaoGtySF3q7rjxaXA/getUpdates "HTTP/1.1 200 OK"
2026-02-19 10:07:26,169 - httpx - INFO - HTTP Request: POST https://api.telegram.org/bot8326937743:AAG9XKhn2p3am7aVSwzaoGtySF3q7rjxaXA/sendMessage "HTTP/1.1 200 OK"
2026-02-19 10:07:35,608 - httpx - INFO - HTTP Request: POST https://api.telegram.org/bot8326937743:AAG9XKhn2p3am7aVSwzaoGtySF3q7rjxaXA/getUpdates "HTTP/1.1 200 OK"
2026-02-19 10:07:45,784 - httpx - INFO - HTTP Request: POST https://api.telegram.org/bot8326937743:AAG9XKhn2p3am7aVSwzaoGtySF3q7rjxaXA/getUpdates "HTTP/1.1 200 OK"
2026-02-19 10:07:51,704 - httpx - INFO - HTTP Request: POST https://api.telegram.org/bot8326937743:AAG9XKhn2p3am7aVSwzaoGtySF3q7rjxaXA/getUpdates "HTTP/1.1 200 OK"
2026-02-19 10:07:52,443 - httpx - INFO - HTTP Request: POST https://api.telegram.org/bot8326937743:AAG9XKhn2p3am7aVSwzaoGtySF3q7rjxaXA/sendMessage "HTTP/1.1 200 OK"
2026-02-19 10:07:52,454 - elastic_transport.transport - INFO - POST http://8.215.8.118:9200/*filebeat-*/_search [status:200 duration:0.009s]
2026-02-19 10:07:52,460 - analyzers.attack_analyzer - INFO - Analyzed 20 logs, found 12 attack patterns
2026-02-19 10:07:52,834 - httpx - INFO - HTTP Request: POST https://api.telegram.org/bot8326937743:AAG9XKhn2p3am7aVSwzaoGtySF3q7rjxaXA/editMessageText "HTTP/1.1 200 OK"
2026-02-19 10:08:01,891 - httpx - INFO - HTTP Request: POST https://api.telegram.org/bot8326937743:AAG9XKhn2p3am7aVSwzaoGtySF3q7rjxaXA/getUpdates "HTTP/1.1 200 OK"
2026-02-19 10:08:12,072 - httpx - INFO - HTTP Request: POST https://api.telegram.org/bot8326937743:AAG9XKhn2p3am7aVSwzaoGtySF3q7rjxaXA/getUpdates "HTTP/1.1 200 OK"
2026-02-19 10:08:22,249 - httpx - INFO - HTTP Request: POST https://api.telegram.org/bot8326937743:AAG9XKhn2p3am7aVSwzaoGtySF3q7rjxaXA/getUpdates "HTTP/1.1 200 OK"
2026-02-19 10:08:32,425 - httpx - INFO - HTTP Request: POST https://api.telegram.org/bot8326937743:AAG9XKhn2p3am7aVSwzaoGtySF3q7rjxaXA/getUpdates "HTTP/1.1 200 OK"
2026-02-19 10:08:42,603 - httpx - INFO - HTTP Request: POST https://api.telegram.org/bot8326937743:AAG9XKhn2p3am7aVSwzaoGtySF3q7rjxaXA/getUpdates "HTTP/1.1 200 OK"
2026-02-19 10:08:52,791 - httpx - INFO - HTTP Request: POST https://api.telegram.org/bot8326937743:AAG9XKhn2p3am7aVSwzaoGtySF3q7rjxaXA/getUpdates "HTTP/1.1 200 OK"
2026-02-19 10:09:02,969 - httpx - INFO - HTTP Request: POST https://api.telegram.org/bot8326937743:AAG9XKhn2p3am7aVSwzaoGtySF3q7rjxaXA/getUpdates "HTTP/1.1 200 OK"
2026-02-19 10:09:13,147 - httpx - INFO - HTTP Request: POST https://api.telegram.org/bot8326937743:AAG9XKhn2p3am7aVSwzaoGtySF3q7rjxaXA/getUpdates "HTTP/1.1 200 OK"
2026-02-19 10:09:23,326 - httpx - INFO - HTTP Request: POST https://api.telegram.org/bot8326937743:AAG9XKhn2p3am7aVSwzaoGtySF3q7rjxaXA/getUpdates "HTTP/1.1 200 OK"
2026-02-19 10:09:33,503 - httpx - INFO - HTTP Request: POST https://api.telegram.org/bot8326937743:AAG9XKhn2p3am7aVSwzaoGtySF3q7rjxaXA/getUpdates "HTTP/1.1 200 OK"
2026-02-19 10:09:43,681 - httpx - INFO - HTTP Request: POST https://api.telegram.org/bot8326937743:AAG9XKhn2p3am7aVSwzaoGtySF3q7rjxaXA/getUpdates "HTTP/1.1 200 OK"
2026-02-19 10:09:53,863 - httpx - INFO - HTTP Request: POST https://api.telegram.org/bot8326937743:AAG9XKhn2p3am7aVSwzaoGtySF3q7rjxaXA/getUpdates "HTTP/1.1 200 OK"
2026-02-19 10:10:04,038 - httpx - INFO - HTTP Request: POST https://api.telegram.org/bot8326937743:AAG9XKhn2p3am7aVSwzaoGtySF3q7rjxaXA/getUpdates "HTTP/1.1 200 OK"
2026-02-19 10:10:14,214 - httpx - INFO - HTTP Request: POST https://api.telegram.org/bot8326937743:AAG9XKhn2p3am7aVSwzaoGtySF3q7rjxaXA/getUpdates "HTTP/1.1 200 OK"
2026-02-19 10:10:24,391 - httpx - INFO - HTTP Request: POST https://api.telegram.org/bot8326937743:AAG9XKhn2p3am7aVSwzaoGtySF3q7rjxaXA/getUpdates "HTTP/1.1 200 OK"
2026-02-19 10:10:34,568 - httpx - INFO - HTTP Request: POST https://api.telegram.org/bot8326937743:AAG9XKhn2p3am7aVSwzaoGtySF3q7rjxaXA/getUpdates "HTTP/1.1 200 OK"
2026-02-19 10:10:44,745 - httpx - INFO - HTTP Request: POST https://api.telegram.org/bot8326937743:AAG9XKhn2p3am7aVSwzaoGtySF3q7rjxaXA/getUpdates "HTTP/1.1 200 OK"
2026-02-19 10:10:54,924 - httpx - INFO - HTTP Request: POST https://api.telegram.org/bot8326937743:AAG9XKhn2p3am7aVSwzaoGtySF3q7rjxaXA/getUpdates "HTTP/1.1 200 OK"
2026-02-19 10:11:05,103 - httpx - INFO - HTTP Request: POST https://api.telegram.org/bot8326937743:AAG9XKhn2p3am7aVSwzaoGtySF3q7rjxaXA/getUpdates "HTTP/1.1 200 OK"
2026-02-19 10:11:15,281 - httpx - INFO - HTTP Request: POST https://api.telegram.org/bot8326937743:AAG9XKhn2p3am7aVSwzaoGtySF3q7rjxaXA/getUpdates "HTTP/1.1 200 OK"
2026-02-19 10:11:25,458 - httpx - INFO - HTTP Request: POST https://api.telegram.org/bot8326937743:AAG9XKhn2p3am7aVSwzaoGtySF3q7rjxaXA/getUpdates "HTTP/1.1 200 OK"
2026-02-19 10:11:35,635 - httpx - INFO - HTTP Request: POST https://api.telegram.org/bot8326937743:AAG9XKhn2p3am7aVSwzaoGtySF3q7rjxaXA/getUpdates "HTTP/1.1 200 OK"
2026-02-19 10:11:45,812 - httpx - INFO - HTTP Request: POST https://api.telegram.org/bot8326937743:AAG9XKhn2p3am7aVSwzaoGtySF3q7rjxaXA/getUpdates "HTTP/1.1 200 OK"
2026-02-19 10:11:55,989 - httpx - INFO - HTTP Request: POST https://api.telegram.org/bot8326937743:AAG9XKhn2p3am7aVSwzaoGtySF3q7rjxaXA/getUpdates "HTTP/1.1 200 OK"
2026-02-19 10:12:06,165 - httpx - INFO - HTTP Request: POST https://api.telegram.org/bot8326937743:AAG9XKhn2p3am7aVSwzaoGtySF3q7rjxaXA/getUpdates "HTTP/1.1 200 OK"
2026-02-19 10:12:16,342 - httpx - INFO - HTTP Request: POST https://api.telegram.org/bot8326937743:AAG9XKhn2p3am7aVSwzaoGtySF3q7rjxaXA/getUpdates "HTTP/1.1 200 OK"
2026-02-19 10:12:26,520 - httpx - INFO - HTTP Request: POST https://api.telegram.org/bot8326937743:AAG9XKhn2p3am7aVSwzaoGtySF3q7rjxaXA/getUpdates "HTTP/1.1 200 OK"
2026-02-19 10:12:36,696 - httpx - INFO - HTTP Request: POST https://api.telegram.org/bot8326937743:AAG9XKhn2p3am7aVSwzaoGtySF3q7rjxaXA/getUpdates "HTTP/1.1 200 OK"
2026-02-19 10:12:46,877 - httpx - INFO - HTTP Request: POST https://api.telegram.org/bot8326937743:AAG9XKhn2p3am7aVSwzaoGtySF3q7rjxaXA/getUpdates "HTTP/1.1 200 OK"
2026-02-19 10:12:57,054 - httpx - INFO - HTTP Request: POST https://api.telegram.org/bot8326937743:AAG9XKhn2p3am7aVSwzaoGtySF3q7rjxaXA/getUpdates "HTTP/1.1 200 OK"
2026-02-19 10:13:07,233 - httpx - INFO - HTTP Request: POST https://api.telegram.org/bot8326937743:AAG9XKhn2p3am7aVSwzaoGtySF3q7rjxaXA/getUpdates "HTTP/1.1 200 OK"
2026-02-19 10:13:17,409 - httpx - INFO - HTTP Request: POST https://api.telegram.org/bot8326937743:AAG9XKhn2p3am7aVSwzaoGtySF3q7rjxaXA/getUpdates "HTTP/1.1 200 OK"
2026-02-19 10:13:27,587 - httpx - INFO - HTTP Request: POST https://api.telegram.org/bot8326937743:AAG9XKhn2p3am7aVSwzaoGtySF3q7rjxaXA/getUpdates "HTTP/1.1 200 OK"
2026-02-19 10:13:37,763 - httpx - INFO - HTTP Request: POST https://api.telegram.org/bot8326937743:AAG9XKhn2p3am7aVSwzaoGtySF3q7rjxaXA/getUpdates "HTTP/1.1 200 OK"
2026-02-19 10:13:47,941 - httpx - INFO - HTTP Request: POST https://api.telegram.org/bot8326937743:AAG9XKhn2p3am7aVSwzaoGtySF3q7rjxaXA/getUpdates "HTTP/1.1 200 OK"
2026-02-19 10:13:58,117 - httpx - INFO - HTTP Request: POST https://api.telegram.org/bot8326937743:AAG9XKhn2p3am7aVSwzaoGtySF3q7rjxaXA/getUpdates "HTTP/1.1 200 OK"
2026-02-19 10:14:08,296 - httpx - INFO - HTTP Request: POST https://api.telegram.org/bot8326937743:AAG9XKhn2p3am7aVSwzaoGtySF3q7rjxaXA/getUpdates "HTTP/1.1 200 OK"
2026-02-19 10:14:18,473 - httpx - INFO - HTTP Request: POST https://api.telegram.org/bot8326937743:AAG9XKhn2p3am7aVSwzaoGtySF3q7rjxaXA/getUpdates "HTTP/1.1 200 OK"
2026-02-19 10:14:28,649 - httpx - INFO - HTTP Request: POST https://api.telegram.org/bot8326937743:AAG9XKhn2p3am7aVSwzaoGtySF3q7rjxaXA/getUpdates "HTTP/1.1 200 OK"
2026-02-19 10:14:38,825 - httpx - INFO - HTTP Request: POST https://api.telegram.org/bot8326937743:AAG9XKhn2p3am7aVSwzaoGtySF3q7rjxaXA/getUpdates "HTTP/1.1 200 OK"
2026-02-19 10:14:49,001 - httpx - INFO - HTTP Request: POST https://api.telegram.org/bot8326937743:AAG9XKhn2p3am7aVSwzaoGtySF3q7rjxaXA/getUpdates "HTTP/1.1 200 OK"
2026-02-19 10:14:59,180 - httpx - INFO - HTTP Request: POST https://api.telegram.org/bot8326937743:AAG9XKhn2p3am7aVSwzaoGtySF3q7rjxaXA/getUpdates "HTTP/1.1 200 OK"
2026-02-19 10:15:09,357 - httpx - INFO - HTTP Request: POST https://api.telegram.org/bot8326937743:AAG9XKhn2p3am7aVSwzaoGtySF3q7rjxaXA/getUpdates "HTTP/1.1 200 OK"
2026-02-19 10:15:19,534 - httpx - INFO - HTTP Request: POST https://api.telegram.org/bot8326937743:AAG9XKhn2p3am7aVSwzaoGtySF3q7rjxaXA/getUpdates "HTTP/1.1 200 OK"
2026-02-19 10:15:29,713 - httpx - INFO - HTTP Request: POST https://api.telegram.org/bot8326937743:AAG9XKhn2p3am7aVSwzaoGtySF3q7rjxaXA/getUpdates "HTTP/1.1 200 OK"
2026-02-19 10:15:39,890 - httpx - INFO - HTTP Request: POST https://api.telegram.org/bot8326937743:AAG9XKhn2p3am7aVSwzaoGtySF3q7rjxaXA/getUpdates "HTTP/1.1 200 OK"
2026-02-19 10:15:50,071 - httpx - INFO - HTTP Request: POST https://api.telegram.org/bot8326937743:AAG9XKhn2p3am7aVSwzaoGtySF3q7rjxaXA/getUpdates "HTTP/1.1 200 OK"
2026-02-19 10:15:59,511 - httpx - INFO - HTTP Request: POST https://api.telegram.org/bot8326937743:AAG9XKhn2p3am7aVSwzaoGtySF3q7rjxaXA/getUpdates "HTTP/1.1 200 OK"
2026-02-19 10:16:00,221 - httpx - INFO - HTTP Request: POST https://api.telegram.org/bot8326937743:AAG9XKhn2p3am7aVSwzaoGtySF3q7rjxaXA/sendMessage "HTTP/1.1 200 OK"
2026-02-19 10:16:09,692 - httpx - INFO - HTTP Request: POST https://api.telegram.org/bot8326937743:AAG9XKhn2p3am7aVSwzaoGtySF3q7rjxaXA/getUpdates "HTTP/1.1 200 OK"
2026-02-19 10:16:19,869 - httpx - INFO - HTTP Request: POST https://api.telegram.org/bot8326937743:AAG9XKhn2p3am7aVSwzaoGtySF3q7rjxaXA/getUpdates "HTTP/1.1 200 OK"
2026-02-19 10:16:30,045 - httpx - INFO - HTTP Request: POST https://api.telegram.org/bot8326937743:AAG9XKhn2p3am7aVSwzaoGtySF3q7rjxaXA/getUpdates "HTTP/1.1 200 OK"
2026-02-19 10:16:40,593 - httpx - INFO - HTTP Request: POST https://api.telegram.org/bot8326937743:AAG9XKhn2p3am7aVSwzaoGtySF3q7rjxaXA/getUpdates "HTTP/1.1 200 OK"
2026-02-19 10:16:50,772 - httpx - INFO - HTTP Request: POST https://api.telegram.org/bot8326937743:AAG9XKhn2p3am7aVSwzaoGtySF3q7rjxaXA/getUpdates "HTTP/1.1 200 OK"
2026-02-19 10:17:00,951 - httpx - INFO - HTTP Request: POST https://api.telegram.org/bot8326937743:AAG9XKhn2p3am7aVSwzaoGtySF3q7rjxaXA/getUpdates "HTTP/1.1 200 OK"
2026-02-19 10:17:11,131 - httpx - INFO - HTTP Request: POST https://api.telegram.org/bot8326937743:AAG9XKhn2p3am7aVSwzaoGtySF3q7rjxaXA/getUpdates "HTTP/1.1 200 OK"
2026-02-19 10:17:21,310 - httpx - INFO - HTTP Request: POST https://api.telegram.org/bot8326937743:AAG9XKhn2p3am7aVSwzaoGtySF3q7rjxaXA/getUpdates "HTTP/1.1 200 OK"
2026-02-19 10:17:31,491 - httpx - INFO - HTTP Request: POST https://api.telegram.org/bot8326937743:AAG9XKhn2p3am7aVSwzaoGtySF3q7rjxaXA/getUpdates "HTTP/1.1 200 OK"
2026-02-19 10:17:41,670 - httpx - INFO - HTTP Request: POST https://api.telegram.org/bot8326937743:AAG9XKhn2p3am7aVSwzaoGtySF3q7rjxaXA/getUpdates "HTTP/1.1 200 OK"
2026-02-19 10:17:51,851 - httpx - INFO - HTTP Request: POST https://api.telegram.org/bot8326937743:AAG9XKhn2p3am7aVSwzaoGtySF3q7rjxaXA/getUpdates "HTTP/1.1 200 OK"
2026-02-19 10:18:02,031 - httpx - INFO - HTTP Request: POST https://api.telegram.org/bot8326937743:AAG9XKhn2p3am7aVSwzaoGtySF3q7rjxaXA/getUpdates "HTTP/1.1 200 OK"
2026-02-19 10:18:12,281 - httpx - INFO - HTTP Request: POST https://api.telegram.org/bot8326937743:AAG9XKhn2p3am7aVSwzaoGtySF3q7rjxaXA/getUpdates "HTTP/1.1 200 OK"
2026-02-19 10:18:22,461 - httpx - INFO - HTTP Request: POST https://api.telegram.org/bot8326937743:AAG9XKhn2p3am7aVSwzaoGtySF3q7rjxaXA/getUpdates "HTTP/1.1 200 OK"
2026-02-19 10:18:32,641 - httpx - INFO - HTTP Request: POST https://api.telegram.org/bot8326937743:AAG9XKhn2p3am7aVSwzaoGtySF3q7rjxaXA/getUpdates "HTTP/1.1 200 OK"
2026-02-19 10:18:42,822 - httpx - INFO - HTTP Request: POST https://api.telegram.org/bot8326937743:AAG9XKhn2p3am7aVSwzaoGtySF3q7rjxaXA/getUpdates "HTTP/1.1 200 OK"
2026-02-19 10:18:53,002 - httpx - INFO - HTTP Request: POST https://api.telegram.org/bot8326937743:AAG9XKhn2p3am7aVSwzaoGtySF3q7rjxaXA/getUpdates "HTTP/1.1 200 OK"
2026-02-19 10:19:03,182 - httpx - INFO - HTTP Request: POST https://api.telegram.org/bot8326937743:AAG9XKhn2p3am7aVSwzaoGtySF3q7rjxaXA/getUpdates "HTTP/1.1 200 OK"
2026-02-19 10:19:13,362 - httpx - INFO - HTTP Request: POST https://api.telegram.org/bot8326937743:AAG9XKhn2p3am7aVSwzaoGtySF3q7rjxaXA/getUpdates "HTTP/1.1 200 OK"
2026-02-19 10:19:23,542 - httpx - INFO - HTTP Request: POST https://api.telegram.org/bot8326937743:AAG9XKhn2p3am7aVSwzaoGtySF3q7rjxaXA/getUpdates "HTTP/1.1 200 OK"
2026-02-19 10:19:33,722 - httpx - INFO - HTTP Request: POST https://api.telegram.org/bot8326937743:AAG9XKhn2p3am7aVSwzaoGtySF3q7rjxaXA/getUpdates "HTTP/1.1 200 OK"
2026-02-19 10:19:43,903 - httpx - INFO - HTTP Request: POST https://api.telegram.org/bot8326937743:AAG9XKhn2p3am7aVSwzaoGtySF3q7rjxaXA/getUpdates "HTTP/1.1 200 OK"
2026-02-19 10:19:54,083 - httpx - INFO - HTTP Request: POST https://api.telegram.org/bot8326937743:AAG9XKhn2p3am7aVSwzaoGtySF3q7rjxaXA/getUpdates "HTTP/1.1 200 OK"
2026-02-19 10:20:04,263 - httpx - INFO - HTTP Request: POST https://api.telegram.org/bot8326937743:AAG9XKhn2p3am7aVSwzaoGtySF3q7rjxaXA/getUpdates "HTTP/1.1 200 OK"
2026-02-19 10:20:14,444 - httpx - INFO - HTTP Request: POST https://api.telegram.org/bot8326937743:AAG9XKhn2p3am7aVSwzaoGtySF3q7rjxaXA/getUpdates "HTTP/1.1 200 OK"
2026-02-19 10:20:24,623 - httpx - INFO - HTTP Request: POST https://api.telegram.org/bot8326937743:AAG9XKhn2p3am7aVSwzaoGtySF3q7rjxaXA/getUpdates "HTTP/1.1 200 OK"
2026-02-19 10:20:34,803 - httpx - INFO - HTTP Request: POST https://api.telegram.org/bot8326937743:AAG9XKhn2p3am7aVSwzaoGtySF3q7rjxaXA/getUpdates "HTTP/1.1 200 OK"
2026-02-19 10:20:44,983 - httpx - INFO - HTTP Request: POST https://api.telegram.org/bot8326937743:AAG9XKhn2p3am7aVSwzaoGtySF3q7rjxaXA/getUpdates "HTTP/1.1 200 OK"
2026-02-19 10:20:55,164 - httpx - INFO - HTTP Request: POST https://api.telegram.org/bot8326937743:AAG9XKhn2p3am7aVSwzaoGtySF3q7rjxaXA/getUpdates "HTTP/1.1 200 OK"
2026-02-19 10:21:05,344 - httpx - INFO - HTTP Request: POST https://api.telegram.org/bot8326937743:AAG9XKhn2p3am7aVSwzaoGtySF3q7rjxaXA/getUpdates "HTTP/1.1 200 OK"
2026-02-19 10:21:15,524 - httpx - INFO - HTTP Request: POST https://api.telegram.org/bot8326937743:AAG9XKhn2p3am7aVSwzaoGtySF3q7rjxaXA/getUpdates "HTTP/1.1 200 OK"
2026-02-19 10:21:25,704 - httpx - INFO - HTTP Request: POST https://api.telegram.org/bot8326937743:AAG9XKhn2p3am7aVSwzaoGtySF3q7rjxaXA/getUpdates "HTTP/1.1 200 OK"
